# JRE version: OpenJDK Runtime Environment (8.0_242-b01) (build 1.8.0_242-release-1644-b01)
# Java VM: OpenJDK 64-Bit Server VM (25.242-b01 mixed mode windows-amd64 compressed oops)
Heap:
 PSYoungGen      total 541184K, used 172176K [0x00000000d5580000, 0x00000000ff300000, 0x0000000100000000)
  eden space 507392K, 32% used [0x00000000d5580000,0x00000000df813fd8,0x00000000f4500000)
  from space 33792K, 16% used [0x00000000f4500000,0x00000000f4a90070,0x00000000f6600000)
  to   space 41472K, 0% used [0x00000000fca80000,0x00000000fca80000,0x00000000ff300000)
 ParOldGen       total 140800K, used 116851K [0x0000000080000000, 0x0000000088980000, 0x00000000d5580000)
  object space 140800K, 82% used [0x0000000080000000,0x000000008721cd78,0x0000000088980000)
 Metaspace       used 116997K, capacity 124054K, committed 125616K, reserved 1159168K
  class space    used 14778K, capacity 16079K, committed 16560K, reserved 1048576K
GC Heap History (10 events):
Event: 14422.335 GC heap before
{Heap before GC invocations=46 (full 5):
 PSYoungGen      total 480768K, used 466033K [0x00000000d5580000, 0x00000000f5680000, 0x0000000100000000)
  eden space 452608K, 100% used [0x00000000d5580000,0x00000000f0f80000,0x00000000f0f80000)
  from space 28160K, 47% used [0x00000000f3b00000,0x00000000f481c608,0x00000000f5680000)
  to   space 36352K, 0% used [0x00000000f0f80000,0x00000000f0f80000,0x00000000f3300000)
 ParOldGen       total 140800K, used 73659K [0x0000000080000000, 0x0000000088980000, 0x00000000d5580000)
  object space 140800K, 52% used [0x0000000080000000,0x00000000847eed88,0x0000000088980000)
 Metaspace       used 116208K, capacity 122856K, committed 124976K, reserved 1157120K
  class space    used 14701K, capacity 15918K, committed 16432K, reserved 1048576K
Event: 14422.826 GC heap after
Heap after GC invocations=46 (full 5):
 PSYoungGen      total 488960K, used 11242K [0x00000000d5580000, 0x00000000f8a80000, 0x0000000100000000)
  eden space 452608K, 0% used [0x00000000d5580000,0x00000000d5580000,0x00000000f0f80000)
  from space 36352K, 30% used [0x00000000f0f80000,0x00000000f1a7a9c8,0x00000000f3300000)
  to   space 34304K, 0% used [0x00000000f6900000,0x00000000f6900000,0x00000000f8a80000)
 ParOldGen       total 140800K, used 77855K [0x0000000080000000, 0x0000000088980000, 0x00000000d5580000)
  object space 140800K, 55% used [0x0000000080000000,0x0000000084c07c20,0x0000000088980000)
 Metaspace       used 116208K, capacity 122856K, committed 124976K, reserved 1157120K
  class space    used 14701K, capacity 15918K, committed 16432K, reserved 1048576K
}
Event: 14570.610 GC heap before
{Heap before GC invocations=47 (full 5):
 PSYoungGen      total 488960K, used 463849K [0x00000000d5580000, 0x00000000f8a80000, 0x0000000100000000)
  eden space 452608K, 99% used [0x00000000d5580000,0x00000000f0f7fa58,0x00000000f0f80000)
  from space 36352K, 30% used [0x00000000f0f80000,0x00000000f1a7a9c8,0x00000000f3300000)
  to   space 34304K, 0% used [0x00000000f6900000,0x00000000f6900000,0x00000000f8a80000)
 ParOldGen       total 140800K, used 77855K [0x0000000080000000, 0x0000000088980000, 0x00000000d5580000)
  object space 140800K, 55% used [0x0000000080000000,0x0000000084c07c20,0x0000000088980000)
 Metaspace       used 116816K, capacity 123820K, committed 125360K, reserved 1159168K
  class space    used 14770K, capacity 16068K, committed 16560K, reserved 1048576K
Event: 14571.574 GC heap after
Heap after GC invocations=47 (full 5):
 PSYoungGen      total 538112K, used 16837K [0x00000000d5580000, 0x00000000f8700000, 0x0000000100000000)
  eden space 507392K, 0% used [0x00000000d5580000,0x00000000d5580000,0x00000000f4500000)
  from space 30720K, 54% used [0x00000000f6900000,0x00000000f7971590,0x00000000f8700000)
  to   space 33792K, 0% used [0x00000000f4500000,0x00000000f4500000,0x00000000f6600000)
 ParOldGen       total 140800K, used 79679K [0x0000000080000000, 0x0000000088980000, 0x00000000d5580000)
  object space 140800K, 56% used [0x0000000080000000,0x0000000084dcfcb0,0x0000000088980000)
 Metaspace       used 116816K, capacity 123820K, committed 125360K, reserved 1159168K
  class space    used 14770K, capacity 16068K, committed 16560K, reserved 1048576K
}
Event: 14581.990 GC heap before
{Heap before GC invocations=48 (full 5):
 PSYoungGen      total 538112K, used 524229K [0x00000000d5580000, 0x00000000f8700000, 0x0000000100000000)
  eden space 507392K, 100% used [0x00000000d5580000,0x00000000f4500000,0x00000000f4500000)
  from space 30720K, 54% used [0x00000000f6900000,0x00000000f7971590,0x00000000f8700000)
  to   space 33792K, 0% used [0x00000000f4500000,0x00000000f4500000,0x00000000f6600000)
 ParOldGen       total 140800K, used 79679K [0x0000000080000000, 0x0000000088980000, 0x00000000d5580000)
  object space 140800K, 56% used [0x0000000080000000,0x0000000084dcfcb0,0x0000000088980000)
 Metaspace       used 116892K, capacity 123946K, committed 125616K, reserved 1159168K
  class space    used 14774K, capacity 16075K, committed 16560K, reserved 1048576K
Event: 14582.320 GC heap after
Heap after GC invocations=48 (full 5):
 PSYoungGen      total 541184K, used 33769K [0x00000000d5580000, 0x00000000f8700000, 0x0000000100000000)
  eden space 507392K, 0% used [0x00000000d5580000,0x00000000d5580000,0x00000000f4500000)
  from space 33792K, 99% used [0x00000000f4500000,0x00000000f65fa598,0x00000000f6600000)
  to   space 30720K, 0% used [0x00000000f6900000,0x00000000f6900000,0x00000000f8700000)
 ParOldGen       total 140800K, used 90928K [0x0000000080000000, 0x0000000088980000, 0x00000000d5580000)
  object space 140800K, 64% used [0x0000000080000000,0x00000000858cc308,0x0000000088980000)
 Metaspace       used 116892K, capacity 123946K, committed 125616K, reserved 1159168K
  class space    used 14774K, capacity 16075K, committed 16560K, reserved 1048576K
}
Event: 14586.281 GC heap before
{Heap before GC invocations=49 (full 5):
 PSYoungGen      total 541184K, used 541161K [0x00000000d5580000, 0x00000000f8700000, 0x0000000100000000)
  eden space 507392K, 100% used [0x00000000d5580000,0x00000000f4500000,0x00000000f4500000)
  from space 33792K, 99% used [0x00000000f4500000,0x00000000f65fa598,0x00000000f6600000)
  to   space 30720K, 0% used [0x00000000f6900000,0x00000000f6900000,0x00000000f8700000)
 ParOldGen       total 140800K, used 90928K [0x0000000080000000, 0x0000000088980000, 0x00000000d5580000)
  object space 140800K, 64% used [0x0000000080000000,0x00000000858cc308,0x0000000088980000)
 Metaspace       used 116952K, capacity 123978K, committed 125616K, reserved 1159168K
  class space    used 14776K, capacity 16077K, committed 16560K, reserved 1048576K
Event: 14587.019 GC heap after
Heap after GC invocations=49 (full 5):
 PSYoungGen      total 538112K, used 6640K [0x00000000d5580000, 0x00000000f8700000, 0x0000000100000000)
  eden space 507392K, 0% used [0x00000000d5580000,0x00000000d5580000,0x00000000f4500000)
  from space 30720K, 21% used [0x00000000f6900000,0x00000000f6f7c030,0x00000000f8700000)
  to   space 33792K, 0% used [0x00000000f4500000,0x00000000f4500000,0x00000000f6600000)
 ParOldGen       total 140800K, used 111732K [0x0000000080000000, 0x0000000088980000, 0x00000000d5580000)
  object space 140800K, 79% used [0x0000000080000000,0x0000000086d1d028,0x0000000088980000)
 Metaspace       used 116952K, capacity 123978K, committed 125616K, reserved 1159168K
  class space    used 14776K, capacity 16077K, committed 16560K, reserved 1048576K
}
Event: 14590.532 GC heap before
{Heap before GC invocations=50 (full 5):
 PSYoungGen      total 538112K, used 514032K [0x00000000d5580000, 0x00000000f8700000, 0x0000000100000000)
  eden space 507392K, 100% used [0x00000000d5580000,0x00000000f4500000,0x00000000f4500000)
  from space 30720K, 21% used [0x00000000f6900000,0x00000000f6f7c030,0x00000000f8700000)
  to   space 33792K, 0% used [0x00000000f4500000,0x00000000f4500000,0x00000000f6600000)
 ParOldGen       total 140800K, used 111732K [0x0000000080000000, 0x0000000088980000, 0x00000000d5580000)
  object space 140800K, 79% used [0x0000000080000000,0x0000000086d1d028,0x0000000088980000)
 Metaspace       used 116992K, capacity 124048K, committed 125616K, reserved 1159168K
  class space    used 14778K, capacity 16078K, committed 16560K, reserved 1048576K
Event: 14590.650 GC heap after
Heap after GC invocations=50 (full 5):
 PSYoungGen      total 541184K, used 5696K [0x00000000d5580000, 0x00000000ff300000, 0x0000000100000000)
  eden space 507392K, 0% used [0x00000000d5580000,0x00000000d5580000,0x00000000f4500000)
  from space 33792K, 16% used [0x00000000f4500000,0x00000000f4a90070,0x00000000f6600000)
  to   space 41472K, 0% used [0x00000000fca80000,0x00000000fca80000,0x00000000ff300000)
 ParOldGen       total 140800K, used 116851K [0x0000000080000000, 0x0000000088980000, 0x00000000d5580000)
  object space 140800K, 82% used [0x0000000080000000,0x000000008721cd78,0x0000000088980000)
 Metaspace       used 116992K, capacity 124048K, committed 125616K, reserved 1159168K
  class space    used 14778K, capacity 16078K, committed 16560K, reserved 1048576K
}

